{
  level: 'error',
  message: 'HTTP POST /registration',
  metadata: {
    res: { statusCode: 500 },
    req: {
      url: '/registration',
      headers: {
        host: 'localhost:3666',
        connection: 'keep-alive',
        'content-length': '65',
        'sec-ch-ua': '"Google Chrome";v="123", "Not:A-Brand";v="8", "Chromium";v="123"',
        accept: 'application/json, text/plain, */*',
        'content-type': 'application/json',
        'sec-ch-ua-mobile': '?0',
        'user-agent': 'Mozilla/5.0 (Windows NT 10.0; Win64; x64) AppleWebKit/537.36 (KHTML, like Gecko) Chrome/123.0.0.0 Safari/537.36',
        'sec-ch-ua-platform': '"Windows"',
        origin: 'http://localhost:3000',
        'sec-fetch-site': 'same-site',
        'sec-fetch-mode': 'cors',
        'sec-fetch-dest': 'empty',
        referer: 'http://localhost:3000/',
        'accept-encoding': 'gzip, deflate, br, zstd',
        'accept-language': 'ru,en-US;q=0.9,en;q=0.8,ru-RU;q=0.7'
      },
      method: 'POST',
      httpVersion: '1.1',
      originalUrl: '/registration',
      query: {}
    },
    responseTime: 81,
    timestamp: '2024-03-30T09:31:28.750Z'
  }
}
{
  level: 'error',
  message: 'HTTP POST /registration',
  metadata: {
    res: { statusCode: 500 },
    req: {
      url: '/registration',
      headers: {
        host: 'localhost:3666',
        connection: 'keep-alive',
        'content-length': '65',
        'sec-ch-ua': '"Google Chrome";v="123", "Not:A-Brand";v="8", "Chromium";v="123"',
        accept: 'application/json, text/plain, */*',
        'content-type': 'application/json',
        'sec-ch-ua-mobile': '?0',
        'user-agent': 'Mozilla/5.0 (Windows NT 10.0; Win64; x64) AppleWebKit/537.36 (KHTML, like Gecko) Chrome/123.0.0.0 Safari/537.36',
        'sec-ch-ua-platform': '"Windows"',
        origin: 'http://localhost:3000',
        'sec-fetch-site': 'same-site',
        'sec-fetch-mode': 'cors',
        'sec-fetch-dest': 'empty',
        referer: 'http://localhost:3000/',
        'accept-encoding': 'gzip, deflate, br, zstd',
        'accept-language': 'ru,en-US;q=0.9,en;q=0.8,ru-RU;q=0.7'
      },
      method: 'POST',
      httpVersion: '1.1',
      originalUrl: '/registration',
      query: {}
    },
    responseTime: 58,
    timestamp: '2024-03-30T09:32:18.460Z'
  }
}
{
  level: 'error',
  message: 'HTTP POST /registration',
  metadata: {
    res: { statusCode: 500 },
    req: {
      url: '/registration',
      headers: {
        host: 'localhost:3666',
        connection: 'keep-alive',
        'content-length': '26',
        'sec-ch-ua': '"Google Chrome";v="123", "Not:A-Brand";v="8", "Chromium";v="123"',
        accept: 'application/json, text/plain, */*',
        'content-type': 'application/json',
        'sec-ch-ua-mobile': '?0',
        'user-agent': 'Mozilla/5.0 (Windows NT 10.0; Win64; x64) AppleWebKit/537.36 (KHTML, like Gecko) Chrome/123.0.0.0 Safari/537.36',
        'sec-ch-ua-platform': '"Windows"',
        origin: 'http://localhost:3000',
        'sec-fetch-site': 'same-site',
        'sec-fetch-mode': 'cors',
        'sec-fetch-dest': 'empty',
        referer: 'http://localhost:3000/',
        'accept-encoding': 'gzip, deflate, br, zstd',
        'accept-language': 'ru,en-US;q=0.9,en;q=0.8,ru-RU;q=0.7'
      },
      method: 'POST',
      httpVersion: '1.1',
      originalUrl: '/registration',
      query: {}
    },
    responseTime: 60,
    timestamp: '2024-03-30T09:52:19.975Z'
  }
}
{
  level: 'error',
  message: 'HTTP POST /registration',
  metadata: {
    res: { statusCode: 500 },
    req: {
      url: '/registration',
      headers: {
        host: 'localhost:3666',
        connection: 'keep-alive',
        'content-length': '26',
        'sec-ch-ua': '"Google Chrome";v="123", "Not:A-Brand";v="8", "Chromium";v="123"',
        accept: 'application/json, text/plain, */*',
        'content-type': 'application/json',
        'sec-ch-ua-mobile': '?0',
        'user-agent': 'Mozilla/5.0 (Windows NT 10.0; Win64; x64) AppleWebKit/537.36 (KHTML, like Gecko) Chrome/123.0.0.0 Safari/537.36',
        'sec-ch-ua-platform': '"Windows"',
        origin: 'http://localhost:3000',
        'sec-fetch-site': 'same-site',
        'sec-fetch-mode': 'cors',
        'sec-fetch-dest': 'empty',
        referer: 'http://localhost:3000/',
        'accept-encoding': 'gzip, deflate, br, zstd',
        'accept-language': 'ru,en-US;q=0.9,en;q=0.8,ru-RU;q=0.7'
      },
      method: 'POST',
      httpVersion: '1.1',
      originalUrl: '/registration',
      query: {}
    },
    responseTime: 60,
    timestamp: '2024-03-30T09:52:21.097Z'
  }
}
{
  level: 'error',
  message: 'HTTP POST /registration',
  metadata: {
    res: { statusCode: 500 },
    req: {
      url: '/registration',
      headers: {
        host: 'localhost:3666',
        connection: 'keep-alive',
        'content-length': '26',
        'sec-ch-ua': '"Google Chrome";v="123", "Not:A-Brand";v="8", "Chromium";v="123"',
        accept: 'application/json, text/plain, */*',
        'content-type': 'application/json',
        'sec-ch-ua-mobile': '?0',
        'user-agent': 'Mozilla/5.0 (Windows NT 10.0; Win64; x64) AppleWebKit/537.36 (KHTML, like Gecko) Chrome/123.0.0.0 Safari/537.36',
        'sec-ch-ua-platform': '"Windows"',
        origin: 'http://localhost:3000',
        'sec-fetch-site': 'same-site',
        'sec-fetch-mode': 'cors',
        'sec-fetch-dest': 'empty',
        referer: 'http://localhost:3000/',
        'accept-encoding': 'gzip, deflate, br, zstd',
        'accept-language': 'ru,en-US;q=0.9,en;q=0.8,ru-RU;q=0.7'
      },
      method: 'POST',
      httpVersion: '1.1',
      originalUrl: '/registration',
      query: {}
    },
    responseTime: 60,
    timestamp: '2024-03-30T09:52:21.755Z'
  }
}
